<?xml version="1.0" encoding="UTF-8"?>
<testng-results skipped="0" failed="2" ignored="0" total="3" passed="1">
  <reporter-output>
  </reporter-output>
  <suite name="Default suite" duration-ms="170700" started-at="2021-08-17T01:30:37 IST" finished-at="2021-08-17T01:33:28 IST">
    <groups>
    </groups>
    <test name="Default test" duration-ms="170700" started-at="2021-08-17T01:30:37 IST" finished-at="2021-08-17T01:33:28 IST">
      <class name="domesticHotel.RunnerDomesticHotel">
        <test-method status="PASS" signature="beforeTest()[pri:0, instance:domesticHotel.RunnerDomesticHotel@2353b3e6]" name="beforeTest" is-config="true" duration-ms="9233" started-at="2021-08-17T01:30:39 IST" finished-at="2021-08-17T01:30:48 IST">
          <reporter-output>
          </reporter-output>
        </test-method> <!-- beforeTest -->
        <test-method status="PASS" signature="hotels(java.lang.String,java.lang.String,java.lang.String,java.lang.String,java.lang.String,java.lang.String,java.lang.String,java.lang.String,java.lang.String,java.lang.String,java.lang.String,java.lang.String,java.lang.String,java.lang.String,java.lang.String,java.lang.String)[pri:0, instance:domesticHotel.RunnerDomesticHotel@2353b3e6]" name="hotels" duration-ms="75373" started-at="2021-08-17T01:30:48 IST" data-provider="dp" finished-at="2021-08-17T01:32:03 IST">
          <params>
            <param index="0">
              <value>
                <![CDATA[Vizag]]>
              </value>
            </param>
            <param index="1">
              <value>
                <![CDATA[28-Sep-2021]]>
              </value>
            </param>
            <param index="2">
              <value>
                <![CDATA[29-Sep-2021]]>
              </value>
            </param>
            <param index="3">
              <value>
                <![CDATA[1.0]]>
              </value>
            </param>
            <param index="4">
              <value>
                <![CDATA[2.0]]>
              </value>
            </param>
            <param index="5">
              <value>
                <![CDATA[India]]>
              </value>
            </param>
            <param index="6">
              <value>
                <![CDATA[India]]>
              </value>
            </param>
            <param index="7">
              <value>
                <![CDATA[Mr]]>
              </value>
            </param>
            <param index="8">
              <value>
                <![CDATA[Anirudh]]>
              </value>
            </param>
            <param index="9">
              <value>
                <![CDATA[P K]]>
              </value>
            </param>
            <param index="10">
              <value>
                <![CDATA[BOFPT2628R]]>
              </value>
            </param>
            <param index="11">
              <value>
                <![CDATA[Mr]]>
              </value>
            </param>
            <param index="12">
              <value>
                <![CDATA[Mir]]>
              </value>
            </param>
            <param index="13">
              <value>
                <![CDATA[Taimur]]>
              </value>
            </param>
            <param index="14">
              <value>
                <![CDATA[7560861963]]>
              </value>
            </param>
            <param index="15">
              <value>
                <![CDATA[anirudhkk2000@gmail.com]]>
              </value>
            </param>
          </params>
          <reporter-output>
          </reporter-output>
        </test-method> <!-- hotels -->
        <test-method status="PASS" signature="afterTest()[pri:0, instance:domesticHotel.RunnerDomesticHotel@2353b3e6]" name="afterTest" is-config="true" duration-ms="3973" started-at="2021-08-17T01:32:03 IST" finished-at="2021-08-17T01:32:07 IST">
          <reporter-output>
          </reporter-output>
        </test-method> <!-- afterTest -->
        <test-method status="PASS" signature="beforeTest()[pri:0, instance:domesticHotel.RunnerDomesticHotel@2353b3e6]" name="beforeTest" is-config="true" duration-ms="6640" started-at="2021-08-17T01:32:07 IST" finished-at="2021-08-17T01:32:14 IST">
          <reporter-output>
          </reporter-output>
        </test-method> <!-- beforeTest -->
        <test-method status="FAIL" signature="hotels(java.lang.String,java.lang.String,java.lang.String,java.lang.String,java.lang.String,java.lang.String,java.lang.String,java.lang.String,java.lang.String,java.lang.String,java.lang.String,java.lang.String,java.lang.String,java.lang.String,java.lang.String,java.lang.String)[pri:0, instance:domesticHotel.RunnerDomesticHotel@2353b3e6]" name="hotels" duration-ms="39684" started-at="2021-08-17T01:32:14 IST" data-provider="dp" finished-at="2021-08-17T01:32:54 IST">
          <params>
            <param index="0">
              <value>
                <![CDATA[Pune]]>
              </value>
            </param>
            <param index="1">
              <value>
                <![CDATA[28-Sep-2021]]>
              </value>
            </param>
            <param index="2">
              <value>
                <![CDATA[29-Sep-2021]]>
              </value>
            </param>
            <param index="3">
              <value>
                <![CDATA[1.0]]>
              </value>
            </param>
            <param index="4">
              <value>
                <![CDATA[2.0]]>
              </value>
            </param>
            <param index="5">
              <value>
                <![CDATA[India]]>
              </value>
            </param>
            <param index="6">
              <value>
                <![CDATA[India]]>
              </value>
            </param>
            <param index="7">
              <value>
                <![CDATA[Mr]]>
              </value>
            </param>
            <param index="8">
              <value>
                <![CDATA[Anirudh]]>
              </value>
            </param>
            <param index="9">
              <value>
                <![CDATA[P K]]>
              </value>
            </param>
            <param index="10">
              <value>
                <![CDATA[BOFPT2628R]]>
              </value>
            </param>
            <param index="11">
              <value>
                <![CDATA[Mr]]>
              </value>
            </param>
            <param index="12">
              <value>
                <![CDATA[Mir]]>
              </value>
            </param>
            <param index="13">
              <value>
                <![CDATA[Taimur]]>
              </value>
            </param>
            <param index="14">
              <value>
                <![CDATA[7560861963]]>
              </value>
            </param>
            <param index="15">
              <value>
                <![CDATA[anirudhkk2000@gmail.com]]>
              </value>
            </param>
          </params>
          <exception class="org.openqa.selenium.TimeoutException">
            <message>
              <![CDATA[Expected condition failed: waiting for visibility of [[ChromeDriver: chrome on WINDOWS (d3d5841f4627d872b9b31f11ac4c5707)] -> xpath: //input[@placeholder='Search By Hotel Name']] (tried for 30 second(s) with 500 milliseconds interval)
Build info: version: '3.141.59', revision: 'e82be7d358', time: '2018-11-14T08:17:03'
System info: host: 'DESKTOP-CU7FF5S', ip: '192.168.43.54', os.name: 'Windows 10', os.arch: 'amd64', os.version: '10.0', java.version: '1.8.0_291'
Driver info: org.openqa.selenium.chrome.ChromeDriver
Capabilities {acceptInsecureCerts: false, browserName: chrome, browserVersion: 92.0.4515.131, chrome: {chromedriverVersion: 92.0.4515.43 (8c61b7e2989f2..., userDataDir: C:\Users\gdsvs\AppData\Loca...}, goog:chromeOptions: {debuggerAddress: localhost:59719}, javascriptEnabled: true, networkConnectionEnabled: false, pageLoadStrategy: normal, platform: WINDOWS, platformName: WINDOWS, proxy: Proxy(), setWindowRect: true, strictFileInteractability: false, timeouts: {implicit: 0, pageLoad: 300000, script: 30000}, unhandledPromptBehavior: dismiss and notify, webauthn:extension:credBlob: true, webauthn:extension:largeBlob: true, webauthn:virtualAuthenticators: true}
Session ID: d3d5841f4627d872b9b31f11ac4c5707]]>
            </message>
            <full-stacktrace>
              <![CDATA[org.openqa.selenium.TimeoutException: Expected condition failed: waiting for visibility of [[ChromeDriver: chrome on WINDOWS (d3d5841f4627d872b9b31f11ac4c5707)] -> xpath: //input[@placeholder='Search By Hotel Name']] (tried for 30 second(s) with 500 milliseconds interval)
Build info: version: '3.141.59', revision: 'e82be7d358', time: '2018-11-14T08:17:03'
System info: host: 'DESKTOP-CU7FF5S', ip: '192.168.43.54', os.name: 'Windows 10', os.arch: 'amd64', os.version: '10.0', java.version: '1.8.0_291'
Driver info: org.openqa.selenium.chrome.ChromeDriver
Capabilities {acceptInsecureCerts: false, browserName: chrome, browserVersion: 92.0.4515.131, chrome: {chromedriverVersion: 92.0.4515.43 (8c61b7e2989f2..., userDataDir: C:\Users\gdsvs\AppData\Loca...}, goog:chromeOptions: {debuggerAddress: localhost:59719}, javascriptEnabled: true, networkConnectionEnabled: false, pageLoadStrategy: normal, platform: WINDOWS, platformName: WINDOWS, proxy: Proxy(), setWindowRect: true, strictFileInteractability: false, timeouts: {implicit: 0, pageLoad: 300000, script: 30000}, unhandledPromptBehavior: dismiss and notify, webauthn:extension:credBlob: true, webauthn:extension:largeBlob: true, webauthn:virtualAuthenticators: true}
Session ID: d3d5841f4627d872b9b31f11ac4c5707
at org.openqa.selenium.support.ui.WebDriverWait.timeoutException(WebDriverWait.java:95)
at org.openqa.selenium.support.ui.FluentWait.until(FluentWait.java:272)
at domesticHotel.RunnerDomesticHotel.hotels(RunnerDomesticHotel.java:71)
at sun.reflect.NativeMethodAccessorImpl.invoke0(Native Method)
at sun.reflect.NativeMethodAccessorImpl.invoke(Unknown Source)
at sun.reflect.DelegatingMethodAccessorImpl.invoke(Unknown Source)
at java.lang.reflect.Method.invoke(Unknown Source)
at org.testng.internal.MethodInvocationHelper.invokeMethod(MethodInvocationHelper.java:133)
at org.testng.internal.TestInvoker.invokeMethod(TestInvoker.java:598)
at org.testng.internal.TestInvoker.invokeTestMethod(TestInvoker.java:173)
at org.testng.internal.MethodRunner.runInSequence(MethodRunner.java:46)
at org.testng.internal.TestInvoker$MethodInvocationAgent.invoke(TestInvoker.java:824)
at org.testng.internal.TestInvoker.invokeTestMethods(TestInvoker.java:146)
at org.testng.internal.TestMethodWorker.invokeTestMethods(TestMethodWorker.java:146)
at org.testng.internal.TestMethodWorker.run(TestMethodWorker.java:128)
at java.util.ArrayList.forEach(Unknown Source)
at org.testng.TestRunner.privateRun(TestRunner.java:794)
at org.testng.TestRunner.run(TestRunner.java:596)
at org.testng.SuiteRunner.runTest(SuiteRunner.java:377)
at org.testng.SuiteRunner.runSequentially(SuiteRunner.java:371)
at org.testng.SuiteRunner.privateRun(SuiteRunner.java:332)
at org.testng.SuiteRunner.run(SuiteRunner.java:276)
at org.testng.SuiteRunnerWorker.runSuite(SuiteRunnerWorker.java:53)
at org.testng.SuiteRunnerWorker.run(SuiteRunnerWorker.java:96)
at org.testng.TestNG.runSuitesSequentially(TestNG.java:1212)
at org.testng.TestNG.runSuitesLocally(TestNG.java:1134)
at org.testng.TestNG.runSuites(TestNG.java:1063)
at org.testng.TestNG.run(TestNG.java:1031)
at org.testng.remote.AbstractRemoteTestNG.run(AbstractRemoteTestNG.java:115)
at org.testng.remote.RemoteTestNG.initAndRun(RemoteTestNG.java:251)
at org.testng.remote.RemoteTestNG.main(RemoteTestNG.java:77)
]]>
            </full-stacktrace>
          </exception> <!-- org.openqa.selenium.TimeoutException -->
          <reporter-output>
          </reporter-output>
        </test-method> <!-- hotels -->
        <test-method status="PASS" signature="afterTest()[pri:0, instance:domesticHotel.RunnerDomesticHotel@2353b3e6]" name="afterTest" is-config="true" duration-ms="3972" started-at="2021-08-17T01:32:54 IST" finished-at="2021-08-17T01:32:58 IST">
          <reporter-output>
          </reporter-output>
        </test-method> <!-- afterTest -->
        <test-method status="PASS" signature="beforeTest()[pri:0, instance:domesticHotel.RunnerDomesticHotel@2353b3e6]" name="beforeTest" is-config="true" duration-ms="6141" started-at="2021-08-17T01:32:58 IST" finished-at="2021-08-17T01:33:04 IST">
          <reporter-output>
          </reporter-output>
        </test-method> <!-- beforeTest -->
        <test-method status="FAIL" signature="hotels(java.lang.String,java.lang.String,java.lang.String,java.lang.String,java.lang.String,java.lang.String,java.lang.String,java.lang.String,java.lang.String,java.lang.String,java.lang.String,java.lang.String,java.lang.String,java.lang.String,java.lang.String,java.lang.String)[pri:0, instance:domesticHotel.RunnerDomesticHotel@2353b3e6]" name="hotels" duration-ms="20293" started-at="2021-08-17T01:33:04 IST" data-provider="dp" finished-at="2021-08-17T01:33:24 IST">
          <params>
            <param index="0">
              <value>
                <![CDATA[457545abc]]>
              </value>
            </param>
            <param index="1">
              <value>
                <![CDATA[28-Sep-2021]]>
              </value>
            </param>
            <param index="2">
              <value>
                <![CDATA[29-Sep-2021]]>
              </value>
            </param>
            <param index="3">
              <value>
                <![CDATA[1.0]]>
              </value>
            </param>
            <param index="4">
              <value>
                <![CDATA[2.0]]>
              </value>
            </param>
            <param index="5">
              <value>
                <![CDATA[India]]>
              </value>
            </param>
            <param index="6">
              <value>
                <![CDATA[India]]>
              </value>
            </param>
            <param index="7">
              <value>
                <![CDATA[Mr]]>
              </value>
            </param>
            <param index="8">
              <value>
                <![CDATA[Anirudh]]>
              </value>
            </param>
            <param index="9">
              <value>
                <![CDATA[P K]]>
              </value>
            </param>
            <param index="10">
              <value>
                <![CDATA[BOFPT2628R]]>
              </value>
            </param>
            <param index="11">
              <value>
                <![CDATA[Mr]]>
              </value>
            </param>
            <param index="12">
              <value>
                <![CDATA[Mir]]>
              </value>
            </param>
            <param index="13">
              <value>
                <![CDATA[Taimur]]>
              </value>
            </param>
            <param index="14">
              <value>
                <![CDATA[7560861963]]>
              </value>
            </param>
            <param index="15">
              <value>
                <![CDATA[anirudhkk2000@gmail.com]]>
              </value>
            </param>
          </params>
          <exception class="org.openqa.selenium.NoSuchElementException">
            <message>
              <![CDATA[no such element: Unable to locate element: {"method":"css selector","selector":".ui\-menu\-item"}
  (Session info: chrome=92.0.4515.131)
For documentation on this error, please visit: https://www.seleniumhq.org/exceptions/no_such_element.html
Build info: version: '3.141.59', revision: 'e82be7d358', time: '2018-11-14T08:17:03'
System info: host: 'DESKTOP-CU7FF5S', ip: '192.168.43.54', os.name: 'Windows 10', os.arch: 'amd64', os.version: '10.0', java.version: '1.8.0_291'
Driver info: org.openqa.selenium.chrome.ChromeDriver
Capabilities {acceptInsecureCerts: false, browserName: chrome, browserVersion: 92.0.4515.131, chrome: {chromedriverVersion: 92.0.4515.43 (8c61b7e2989f2..., userDataDir: C:\Users\gdsvs\AppData\Loca...}, goog:chromeOptions: {debuggerAddress: localhost:60005}, javascriptEnabled: true, networkConnectionEnabled: false, pageLoadStrategy: normal, platform: WINDOWS, platformName: WINDOWS, proxy: Proxy(), setWindowRect: true, strictFileInteractability: false, timeouts: {implicit: 0, pageLoad: 300000, script: 30000}, unhandledPromptBehavior: dismiss and notify, webauthn:extension:credBlob: true, webauthn:extension:largeBlob: true, webauthn:virtualAuthenticators: true}
Session ID: 1d3f7655ff423e8a7445ed5b8715f740
*** Element info: {Using=class name, value=ui-menu-item}]]>
            </message>
            <full-stacktrace>
              <![CDATA[org.openqa.selenium.NoSuchElementException: no such element: Unable to locate element: {"method":"css selector","selector":".ui\-menu\-item"}
  (Session info: chrome=92.0.4515.131)
For documentation on this error, please visit: https://www.seleniumhq.org/exceptions/no_such_element.html
Build info: version: '3.141.59', revision: 'e82be7d358', time: '2018-11-14T08:17:03'
System info: host: 'DESKTOP-CU7FF5S', ip: '192.168.43.54', os.name: 'Windows 10', os.arch: 'amd64', os.version: '10.0', java.version: '1.8.0_291'
Driver info: org.openqa.selenium.chrome.ChromeDriver
Capabilities {acceptInsecureCerts: false, browserName: chrome, browserVersion: 92.0.4515.131, chrome: {chromedriverVersion: 92.0.4515.43 (8c61b7e2989f2..., userDataDir: C:\Users\gdsvs\AppData\Loca...}, goog:chromeOptions: {debuggerAddress: localhost:60005}, javascriptEnabled: true, networkConnectionEnabled: false, pageLoadStrategy: normal, platform: WINDOWS, platformName: WINDOWS, proxy: Proxy(), setWindowRect: true, strictFileInteractability: false, timeouts: {implicit: 0, pageLoad: 300000, script: 30000}, unhandledPromptBehavior: dismiss and notify, webauthn:extension:credBlob: true, webauthn:extension:largeBlob: true, webauthn:virtualAuthenticators: true}
Session ID: 1d3f7655ff423e8a7445ed5b8715f740
*** Element info: {Using=class name, value=ui-menu-item}
at sun.reflect.NativeConstructorAccessorImpl.newInstance0(Native Method)
at sun.reflect.NativeConstructorAccessorImpl.newInstance(Unknown Source)
at sun.reflect.DelegatingConstructorAccessorImpl.newInstance(Unknown Source)
at java.lang.reflect.Constructor.newInstance(Unknown Source)
at org.openqa.selenium.remote.http.W3CHttpResponseCodec.createException(W3CHttpResponseCodec.java:187)
at org.openqa.selenium.remote.http.W3CHttpResponseCodec.decode(W3CHttpResponseCodec.java:122)
at org.openqa.selenium.remote.http.W3CHttpResponseCodec.decode(W3CHttpResponseCodec.java:49)
at org.openqa.selenium.remote.HttpCommandExecutor.execute(HttpCommandExecutor.java:158)
at org.openqa.selenium.remote.service.DriverCommandExecutor.execute(DriverCommandExecutor.java:83)
at org.openqa.selenium.remote.RemoteWebDriver.execute(RemoteWebDriver.java:552)
at org.openqa.selenium.remote.RemoteWebDriver.findElement(RemoteWebDriver.java:323)
at org.openqa.selenium.remote.RemoteWebDriver.findElementByClassName(RemoteWebDriver.java:412)
at org.openqa.selenium.By$ByClassName.findElement(By.java:389)
at org.openqa.selenium.remote.RemoteWebDriver.findElement(RemoteWebDriver.java:315)
at domesticHotel.RunnerDomesticHotel.hotels(RunnerDomesticHotel.java:62)
at sun.reflect.NativeMethodAccessorImpl.invoke0(Native Method)
at sun.reflect.NativeMethodAccessorImpl.invoke(Unknown Source)
at sun.reflect.DelegatingMethodAccessorImpl.invoke(Unknown Source)
at java.lang.reflect.Method.invoke(Unknown Source)
at org.testng.internal.MethodInvocationHelper.invokeMethod(MethodInvocationHelper.java:133)
at org.testng.internal.TestInvoker.invokeMethod(TestInvoker.java:598)
at org.testng.internal.TestInvoker.invokeTestMethod(TestInvoker.java:173)
at org.testng.internal.MethodRunner.runInSequence(MethodRunner.java:46)
at org.testng.internal.TestInvoker$MethodInvocationAgent.invoke(TestInvoker.java:824)
at org.testng.internal.TestInvoker.invokeTestMethods(TestInvoker.java:146)
at org.testng.internal.TestMethodWorker.invokeTestMethods(TestMethodWorker.java:146)
at org.testng.internal.TestMethodWorker.run(TestMethodWorker.java:128)
at java.util.ArrayList.forEach(Unknown Source)
at org.testng.TestRunner.privateRun(TestRunner.java:794)
at org.testng.TestRunner.run(TestRunner.java:596)
at org.testng.SuiteRunner.runTest(SuiteRunner.java:377)
at org.testng.SuiteRunner.runSequentially(SuiteRunner.java:371)
at org.testng.SuiteRunner.privateRun(SuiteRunner.java:332)
at org.testng.SuiteRunner.run(SuiteRunner.java:276)
at org.testng.SuiteRunnerWorker.runSuite(SuiteRunnerWorker.java:53)
at org.testng.SuiteRunnerWorker.run(SuiteRunnerWorker.java:96)
at org.testng.TestNG.runSuitesSequentially(TestNG.java:1212)
at org.testng.TestNG.runSuitesLocally(TestNG.java:1134)
at org.testng.TestNG.runSuites(TestNG.java:1063)
at org.testng.TestNG.run(TestNG.java:1031)
at org.testng.remote.AbstractRemoteTestNG.run(AbstractRemoteTestNG.java:115)
at org.testng.remote.RemoteTestNG.initAndRun(RemoteTestNG.java:251)
at org.testng.remote.RemoteTestNG.main(RemoteTestNG.java:77)
]]>
            </full-stacktrace>
          </exception> <!-- org.openqa.selenium.NoSuchElementException -->
          <reporter-output>
          </reporter-output>
        </test-method> <!-- hotels -->
        <test-method status="PASS" signature="afterTest()[pri:0, instance:domesticHotel.RunnerDomesticHotel@2353b3e6]" name="afterTest" is-config="true" duration-ms="4009" started-at="2021-08-17T01:33:24 IST" finished-at="2021-08-17T01:33:28 IST">
          <reporter-output>
          </reporter-output>
        </test-method> <!-- afterTest -->
      </class> <!-- domesticHotel.RunnerDomesticHotel -->
    </test> <!-- Default test -->
  </suite> <!-- Default suite -->
</testng-results>
